<?xml version="1.0" encoding="UTF-8"?>
<!-- Generated by org.testng.reporters.JUnitReportReporter -->
<testsuite hostname="KarthikPC" failures="0" tests="2" name="runner.TestRunner" time="28.753" errors="0" timestamp="24 Apr 2018 12:18:23 GMT" skipped="0">
  <testcase classname="runner.TestRunner" name="runTests" time="0.001"/>
  <testcase classname="runner.TestRunner" name="runTests" time="28.752"/>
</testsuite> <!-- runner.TestRunner -->
